{'eval_loss': 0.6621633768081665, 'eval_runtime': 1.8833, 'eval_samples_per_second': 52.036, 'eval_steps_per_second': 6.903, 'eval_rewards/chosen': -1.7842682600021362, 'eval_rewards/rejected': -2.0519707202911377, 'eval_rewards/accuracies': 0.5865384340286255, 'eval_rewards/margins': 0.2677021920681, 'eval_logps/chosen': -35.632835388183594, 'eval_logps/rejected': -39.02190399169922, 'eval_logits/chosen': -5.6752095222473145, 'eval_logits/rejected': -5.641716480255127, 'epoch': 1.0}
{'eval_loss': 0.8056063055992126, 'eval_runtime': 1.808, 'eval_samples_per_second': 54.204, 'eval_steps_per_second': 7.19, 'eval_rewards/chosen': -3.1359572410583496, 'eval_rewards/rejected': -3.4486782550811768, 'eval_rewards/accuracies': 0.48076921701431274, 'eval_rewards/margins': 0.3127210736274719, 'eval_logps/chosen': -49.149723052978516, 'eval_logps/rejected': -52.98898696899414, 'eval_logits/chosen': -4.802677631378174, 'eval_logits/rejected': -4.796141624450684, 'epoch': 2.0}
{'eval_loss': 1.1134523153305054, 'eval_runtime': 1.8071, 'eval_samples_per_second': 54.231, 'eval_steps_per_second': 7.194, 'eval_rewards/chosen': -4.7825846672058105, 'eval_rewards/rejected': -4.858576774597168, 'eval_rewards/accuracies': 0.4423076808452606, 'eval_rewards/margins': 0.07599180936813354, 'eval_logps/chosen': -65.61599731445312, 'eval_logps/rejected': -67.08796691894531, 'eval_logits/chosen': -3.6725993156433105, 'eval_logits/rejected': -3.6984212398529053, 'epoch': 3.0}
{'eval_loss': 1.137335181236267, 'eval_runtime': 1.7841, 'eval_samples_per_second': 54.929, 'eval_steps_per_second': 7.287, 'eval_rewards/chosen': -5.863808631896973, 'eval_rewards/rejected': -5.97349214553833, 'eval_rewards/accuracies': 0.48076921701431274, 'eval_rewards/margins': 0.1096838191151619, 'eval_logps/chosen': -76.42823791503906, 'eval_logps/rejected': -78.23712158203125, 'eval_logits/chosen': -3.0675623416900635, 'eval_logits/rejected': -3.107398748397827, 'epoch': 4.0}
Score eliminated: 0.4423076808452606
{'eval_loss': 1.2335420846939087, 'eval_runtime': 1.8067, 'eval_samples_per_second': 54.243, 'eval_steps_per_second': 7.195, 'eval_rewards/chosen': -3.7494752407073975, 'eval_rewards/rejected': -3.6791491508483887, 'eval_rewards/accuracies': 0.4423076808452606, 'eval_rewards/margins': -0.07032604515552521, 'eval_logps/chosen': -117.28704071044922, 'eval_logps/rejected': -117.37773132324219, 'eval_logits/chosen': -1.2156383991241455, 'eval_logits/rejected': -1.1681848764419556, 'epoch': 5.0}
Score eliminated: 0.4423076808452606
{'eval_loss': 1.5928539037704468, 'eval_runtime': 1.8058, 'eval_samples_per_second': 54.268, 'eval_steps_per_second': 7.199, 'eval_rewards/chosen': -4.933021545410156, 'eval_rewards/rejected': -4.607082843780518, 'eval_rewards/accuracies': 0.4711538553237915, 'eval_rewards/margins': -0.32593870162963867, 'eval_logps/chosen': -129.12249755859375, 'eval_logps/rejected': -126.65705108642578, 'eval_logits/chosen': -1.354433536529541, 'eval_logits/rejected': -1.3190503120422363, 'epoch': 6.0}
Score eliminated: 0.4711538553237915
{'eval_loss': 2.617961883544922, 'eval_runtime': 1.8059, 'eval_samples_per_second': 54.265, 'eval_steps_per_second': 7.198, 'eval_rewards/chosen': -8.45595645904541, 'eval_rewards/rejected': -7.3696417808532715, 'eval_rewards/accuracies': 0.39423078298568726, 'eval_rewards/margins': -1.0863158702850342, 'eval_logps/chosen': -164.35186767578125, 'eval_logps/rejected': -154.28265380859375, 'eval_logits/chosen': -1.0482861995697021, 'eval_logits/rejected': -1.0443294048309326, 'epoch': 7.0}
Score eliminated: 0.39423078298568726
{'eval_loss': 3.414335250854492, 'eval_runtime': 1.8061, 'eval_samples_per_second': 54.261, 'eval_steps_per_second': 7.198, 'eval_rewards/chosen': -10.419820785522461, 'eval_rewards/rejected': -9.000842094421387, 'eval_rewards/accuracies': 0.38461539149284363, 'eval_rewards/margins': -1.4189794063568115, 'eval_logps/chosen': -183.99049377441406, 'eval_logps/rejected': -170.59463500976562, 'eval_logits/chosen': -0.7928917407989502, 'eval_logits/rejected': -0.7611548900604248, 'epoch': 8.0}
Score eliminated: 0.38461539149284363
{'eval_loss': 3.2832136154174805, 'eval_runtime': 1.806, 'eval_samples_per_second': 54.263, 'eval_steps_per_second': 7.198, 'eval_rewards/chosen': -12.172534942626953, 'eval_rewards/rejected': -10.724648475646973, 'eval_rewards/accuracies': 0.375, 'eval_rewards/margins': -1.44788658618927, 'eval_logps/chosen': -201.51760864257812, 'eval_logps/rejected': -187.83270263671875, 'eval_logits/chosen': -0.7778373956680298, 'eval_logits/rejected': -0.7521737217903137, 'epoch': 9.0}
Score eliminated: 0.375
{'eval_loss': 2.4201340675354004, 'eval_runtime': 1.8058, 'eval_samples_per_second': 54.27, 'eval_steps_per_second': 7.199, 'eval_rewards/chosen': -11.465445518493652, 'eval_rewards/rejected': -11.915801048278809, 'eval_rewards/accuracies': 0.5384615659713745, 'eval_rewards/margins': 0.45035460591316223, 'eval_logps/chosen': -324.04705810546875, 'eval_logps/rejected': -314.5573425292969, 'eval_logits/chosen': 0.5380946397781372, 'eval_logits/rejected': 0.5673636794090271, 'epoch': 10.0}
Score eliminated: 0.48076921701431274
{'eval_loss': 2.2385382652282715, 'eval_runtime': 1.8054, 'eval_samples_per_second': 54.28, 'eval_steps_per_second': 7.2, 'eval_rewards/chosen': -6.136314868927002, 'eval_rewards/rejected': -6.701178550720215, 'eval_rewards/accuracies': 0.5480769276618958, 'eval_rewards/margins': 0.5648638606071472, 'eval_logps/chosen': -270.7557373046875, 'eval_logps/rejected': -262.41119384765625, 'eval_logits/chosen': -0.37038660049438477, 'eval_logits/rejected': -0.2891906499862671, 'epoch': 11.0}
Score eliminated: 0.48076921701431274
{'eval_loss': 2.938351631164551, 'eval_runtime': 1.9519, 'eval_samples_per_second': 50.206, 'eval_steps_per_second': 6.66, 'eval_rewards/chosen': -14.681304931640625, 'eval_rewards/rejected': -15.526076316833496, 'eval_rewards/accuracies': 0.557692289352417, 'eval_rewards/margins': 0.8447690606117249, 'eval_logps/chosen': -356.2055969238281, 'eval_logps/rejected': -350.66009521484375, 'eval_logits/chosen': 0.7210806608200073, 'eval_logits/rejected': 0.7704232931137085, 'epoch': 12.0}
Score eliminated: 0.5384615659713745
{'eval_loss': 2.768692970275879, 'eval_runtime': 1.8067, 'eval_samples_per_second': 54.242, 'eval_steps_per_second': 7.195, 'eval_rewards/chosen': -13.584792137145996, 'eval_rewards/rejected': -14.562238693237305, 'eval_rewards/accuracies': 0.557692289352417, 'eval_rewards/margins': 0.9774479269981384, 'eval_logps/chosen': -345.2405090332031, 'eval_logps/rejected': -341.0217590332031, 'eval_logits/chosen': 0.5861061811447144, 'eval_logits/rejected': 0.6728521585464478, 'epoch': 13.0}
Score eliminated: 0.5480769276618958
{'eval_loss': 1.0342720746994019, 'eval_runtime': 1.8085, 'eval_samples_per_second': 54.189, 'eval_steps_per_second': 7.188, 'eval_rewards/chosen': -3.2144007682800293, 'eval_rewards/rejected': -3.5903494358062744, 'eval_rewards/accuracies': 0.5384615659713745, 'eval_rewards/margins': 0.3759489059448242, 'eval_logps/chosen': -385.7967224121094, 'eval_logps/rejected': -385.68389892578125, 'eval_logits/chosen': 0.8680669069290161, 'eval_logits/rejected': 0.9713526964187622, 'epoch': 14.0}
Score eliminated: 0.5384615659713745
{'eval_loss': 1.3084309101104736, 'eval_runtime': 1.8065, 'eval_samples_per_second': 54.249, 'eval_steps_per_second': 7.196, 'eval_rewards/chosen': -5.593724250793457, 'eval_rewards/rejected': -6.089632034301758, 'eval_rewards/accuracies': 0.5480769276618958, 'eval_rewards/margins': 0.49590855836868286, 'eval_logps/chosen': -409.5899963378906, 'eval_logps/rejected': -410.6767272949219, 'eval_logits/chosen': 1.0218861103057861, 'eval_logits/rejected': 1.1373242139816284, 'epoch': 15.0}
Score eliminated: 0.5480769276618958
{'train_runtime': 4199.6838, 'train_samples_per_second': 25.738, 'train_steps_per_second': 0.404, 'train_loss': 0.08972647787898691, 'epoch': 15.0}
Score eliminated: 0.5480769276618958
Best score: 0.5865384340286255 achieved by: /leonardo_work/EUHPC_B25_058/aleksa_files/downloaded_work/resource/dpo/experiment_gpt2_large/full_train_run/checkpoint-step113
